[14:33:11] [INFO] 接收报文为：这是客户端发送的数据 
[16:03:40] [INFO] 接收报文为：这是客户端发送的数据 
[16:04:40] [INFO] 接收报文为：这是客户端发送的数据 
[16:05:27] [INFO] 接收报文为：这是客户端发送的数据 
[16:06:09] [INFO] 接收报文为：这是客户端发送的数据 
[16:08:00] [INFO] 这是客户端发送的数据




[16:11:25] [INFO] 这是客户端发送的数据 
[16:12:18] [INFO] 这是客户端发送的数据 
[16:14:10] [INFO] 这是客户端发送的数据 
[17:03:31] [INFO] 这是客户端发送的数据


[17:05:38] [INFO] 服务器处理器1接收数据：这是客户端发送的数据 
[17:06:15] [INFO] 服务器处理器1接收数据：这是客户端发送的数据 
[17:08:05] [INFO] 服务器处理器1接收数据：这是客户端发送的数据 
[17:11:41] [INFO] 服务器处理器1接收数据：这是客户端发送的数据 
[17:11:44] [INFO] 服务端处理器2接受到的数据：这是客户端发送的数据 
[17:12:33] [INFO] 服务器处理器1接收数据：这是客户端发送的数据 
[17:32:01] [INFO] 服务器处理器1接收数据：这是客户端发送的数据 
[17:32:01] [INFO] 服务端处理器2接受到的数据：这是客户端发送的数据 
[17:38:54] [INFO] 服务器处理器1接收数据：这是客户端发送的数据 
[17:38:54] [INFO] 服务端处理器2接受到的数据：这是客户端发送的数据 
[17:39:34] [INFO] 服务器处理器1接收数据：这是客户端发送的数据 
[17:39:34] [INFO] 服务端处理器2接受到的数据：这是客户端发送的数据 
[17:41:46] [INFO] 服务器处理器1接收数据：这是客户端发送的数据 
[17:41:46] [INFO] 服务端处理器2接受到的数据：这是客户端发送的数据 
[17:43:39] [INFO] 服务器处理器1接收数据：这是客户端发送的数据 
[17:44:33] [INFO] 服务端处理器2接受到的数据：这是客户端发送的数据 
[17:45:13] [INFO] 服务器处理器1接收数据：这是客户端发送的数据 
[17:45:15] [INFO] 服务端处理器2接受到的数据：这是客户端发送的数据 
[17:46:19] [INFO] 服务器处理器1接收数据：这是客户端发送的数据 
[17:46:19] [INFO] 服务端处理器2接受到的数据：这是客户端发送的数据 
[17:46:46] [INFO] 服务器处理器1接收数据：这是客户端发送的数据 
[17:46:46] [INFO] 服务端处理器2接受到的数据：这是客户端发送的数据 
[17:47:01] [INFO] 服务器处理器1接收数据：这是客户端发送的数据 
[17:47:01] [INFO] 服务端处理器2接受到的数据：这是客户端发送的数据 
[17:51:36] [INFO] 服务器处理器1接收数据：这是客户端发送的数据 
[17:51:36] [INFO] 服务端处理器2接受到的数据：这是客户端发送的数据 
